#
# There is insufficient memory for the Java Runtime Environment to continue.
# Native memory allocation (malloc) failed to allocate 895376 bytes. Error detail: Chunk::new
# Possible reasons:
#   The system is out of physical RAM or swap space
#   This process is running with CompressedOops enabled, and the Java Heap may be blocking the growth of the native heap
# Possible solutions:
#   Reduce memory load on the system
#   Increase physical memory or swap space
#   Check if swap backing store is full
#   Decrease Java heap size (-Xmx/-Xms)
#   Decrease number of Java threads
#   Decrease Java thread stack sizes (-Xss)
#   Set larger code cache with -XX:ReservedCodeCacheSize=
#   JVM is running with Unscaled Compressed Oops mode in which the Java heap is
#     placed in the first 4GB address space. The Java Heap base address is the
#     maximum limit for the native heap growth. Please use -XX:HeapBaseMinAddress
#     to set the Java Heap base and to place the Java Heap above 4GB virtual address.
# This output file may be truncated or incomplete.
#
#  Out of Memory Error (arena.cpp:150), pid=3016, tid=8760
#
# JRE version: Java(TM) SE Runtime Environment (22.0.1+8) (build 22.0.1+8-16)
# Java VM: Java HotSpot(TM) 64-Bit Server VM (22.0.1+8-16, mixed mode, sharing, tiered, compressed oops, compressed class ptrs, g1 gc, windows-amd64)
# No core dump will be written. Minidumps are not enabled by default on client versions of Windows
#

---------------  S U M M A R Y ------------

Command Line: -Dfile.encoding=UTF-8 --module-path=C:\Users\JUAN DAVID\Documents\NetBeansProjects\Bike_life\build\classes VistaIngreso.Ingreso

Host: Intel(R) Core(TM) i7-4510U CPU @ 2.00GHz, 4 cores, 7G,  Windows 10 , 64 bit Build 19041 (10.0.19041.1202)
Time: Mon Aug  5 09:14:30 2024 Hora est. Pacífico, Sudamérica elapsed time: 840.055629 seconds (0d 0h 14m 0s)

---------------  T H R E A D  ---------------

Current thread (0x0000024621cf80b0):  JavaThread "C2 CompilerThread0" daemon [_thread_in_native, id=8760, stack(0x00000061f0100000,0x00000061f0200000) (1024K)]


Current CompileTask:
C2:840055 5760       4       javax.swing.plaf.nimbus.SynthPainterImpl::paintBackground (68 bytes)

Stack: [0x00000061f0100000,0x00000061f0200000]
Native frames: (J=compiled Java code, j=interpreted, Vv=VM code, C=native code)
V  [jvm.dll+0x6e2279]  (no source info available)
V  [jvm.dll+0x874e33]  (no source info available)
V  [jvm.dll+0x87725e]  (no source info available)
V  [jvm.dll+0x877933]  (no source info available)
V  [jvm.dll+0x27fd76]  (no source info available)
V  [jvm.dll+0xc3d0f]  (no source info available)
V  [jvm.dll+0xc3f6b]  (no source info available)
V  [jvm.dll+0x2f3c2f]  (no source info available)
V  [jvm.dll+0x60bc9a]  (no source info available)
V  [jvm.dll+0x250db2]  (no source info available)
V  [jvm.dll+0x2493c6]  (no source info available)
V  [jvm.dll+0x246ec6]  (no source info available)
V  [jvm.dll+0x1c4e90]  (no source info available)
V  [jvm.dll+0x2569fe]  (no source info available)
V  [jvm.dll+0x254cba]  (no source info available)
V  [jvm.dll+0x3f5336]  (no source info available)
V  [jvm.dll+0x81d44b]  (no source info available)
V  [jvm.dll+0x6e0915]  (no source info available)
C  [ucrtbase.dll+0x21bb2]  (no source info available)
C  [KERNEL32.DLL+0x17034]  (no source info available)
C  [ntdll.dll+0x52651]  (no source info available)


---------------  P R O C E S S  ---------------

Threads class SMR info:
_java_thread_list=0x00000246693c5f40, length=18, elements={
0x0000024621cec060, 0x0000024621cecb90, 0x0000024621ceeb80, 0x0000024621cf2210,
0x0000024621cf2c90, 0x0000024621cf7710, 0x0000024621cf80b0, 0x0000024621cfafb0,
0x00000246670a2130, 0x000002466716d700, 0x0000024667370b40, 0x00000246673917b0,
0x0000024667394700, 0x0000024668353d20, 0x0000024605d17760, 0x00000246688e7950,
0x00000246688108b0, 0x0000024669fc3370
}

Java Threads: ( => current thread )
  0x0000024621cec060 JavaThread "Reference Handler"          daemon [_thread_blocked, id=10940, stack(0x00000061efb00000,0x00000061efc00000) (1024K)]
  0x0000024621cecb90 JavaThread "Finalizer"                  daemon [_thread_blocked, id=10392, stack(0x00000061efc00000,0x00000061efd00000) (1024K)]
  0x0000024621ceeb80 JavaThread "Signal Dispatcher"          daemon [_thread_blocked, id=9912, stack(0x00000061efd00000,0x00000061efe00000) (1024K)]
  0x0000024621cf2210 JavaThread "Attach Listener"            daemon [_thread_blocked, id=4276, stack(0x00000061efe00000,0x00000061eff00000) (1024K)]
  0x0000024621cf2c90 JavaThread "Service Thread"             daemon [_thread_blocked, id=7208, stack(0x00000061eff00000,0x00000061f0000000) (1024K)]
  0x0000024621cf7710 JavaThread "Monitor Deflation Thread"   daemon [_thread_blocked, id=10980, stack(0x00000061f0000000,0x00000061f0100000) (1024K)]
=>0x0000024621cf80b0 JavaThread "C2 CompilerThread0"         daemon [_thread_in_native, id=8760, stack(0x00000061f0100000,0x00000061f0200000) (1024K)]
  0x0000024621cfafb0 JavaThread "C1 CompilerThread0"         daemon [_thread_blocked, id=10948, stack(0x00000061f0200000,0x00000061f0300000) (1024K)]
  0x00000246670a2130 JavaThread "Common-Cleaner"             daemon [_thread_blocked, id=10944, stack(0x00000061f0300000,0x00000061f0400000) (1024K)]
  0x000002466716d700 JavaThread "Notification Thread"        daemon [_thread_blocked, id=8860, stack(0x00000061f0400000,0x00000061f0500000) (1024K)]
  0x0000024667370b40 JavaThread "Java2D Disposer"            daemon [_thread_blocked, id=2988, stack(0x00000061f0500000,0x00000061f0600000) (1024K)]
  0x00000246673917b0 JavaThread "AWT-Shutdown"                      [_thread_blocked, id=10816, stack(0x00000061f0600000,0x00000061f0700000) (1024K)]
  0x0000024667394700 JavaThread "AWT-Windows"                daemon [_thread_in_native, id=7420, stack(0x00000061f0700000,0x00000061f0800000) (1024K)]
  0x0000024668353d20 JavaThread "AWT-EventQueue-0"                  [_thread_blocked, id=10708, stack(0x00000061f0800000,0x00000061f0900000) (1024K)]
  0x0000024605d17760 JavaThread "DestroyJavaVM"                     [_thread_blocked, id=11088, stack(0x00000061ef300000,0x00000061ef400000) (1024K)]
  0x00000246688e7950 JavaThread "TimerQueue"                 daemon [_thread_blocked, id=120, stack(0x00000061f0d00000,0x00000061f0e00000) (1024K)]
  0x00000246688108b0 JavaThread "mysql-cj-abandoned-connection-cleanup" daemon [_thread_blocked, id=1248, stack(0x00000061f1000000,0x00000061f1100000) (1024K)]
  0x0000024669fc3370 JavaThread "Image Fetcher 0"            daemon [_thread_blocked, id=596, stack(0x00000061ef200000,0x00000061ef300000) (1024K)]
Total: 18

Other Threads:
  0x0000024621cd3c40 VMThread "VM Thread"                           [id=10952, stack(0x00000061efa00000,0x00000061efb00000) (1024K)]
  0x0000024621cbbf70 WatcherThread "VM Periodic Task Thread"        [id=816, stack(0x00000061ef900000,0x00000061efa00000) (1024K)]
  0x0000024605d6bee0 WorkerThread "GC Thread#0"                     [id=1184, stack(0x00000061ef400000,0x00000061ef500000) (1024K)]
  0x00000246671299f0 WorkerThread "GC Thread#1"                     [id=7020, stack(0x00000061f0c00000,0x00000061f0d00000) (1024K)]
  0x0000024667305730 WorkerThread "GC Thread#2"                     [id=1316, stack(0x00000061f0e00000,0x00000061f0f00000) (1024K)]
  0x0000024667305ae0 WorkerThread "GC Thread#3"                     [id=9012, stack(0x00000061f0f00000,0x00000061f1000000) (1024K)]
  0x0000024605d7cbe0 ConcurrentGCThread "G1 Main Marker"            [id=2636, stack(0x00000061ef500000,0x00000061ef600000) (1024K)]
  0x0000024605d7dfd0 WorkerThread "G1 Conc#0"                       [id=10712, stack(0x00000061ef600000,0x00000061ef700000) (1024K)]
  0x0000024621b820c0 ConcurrentGCThread "G1 Refine#0"               [id=11232, stack(0x00000061ef700000,0x00000061ef800000) (1024K)]
  0x0000024621b82660 ConcurrentGCThread "G1 Service"                [id=11072, stack(0x00000061ef800000,0x00000061ef900000) (1024K)]
Total: 10

Threads with active compile tasks:
C2 CompilerThread0  840220 5760       4       javax.swing.plaf.nimbus.SynthPainterImpl::paintBackground (68 bytes)
Total: 1

VM state: not at safepoint (normal execution)

VM Mutex/Monitor currently owned by a thread: None

Heap address: 0x0000000081000000, size: 2032 MB, Compressed Oops mode: 32-bit

CDS archive(s) mapped at: [0x0000024622000000-0x0000024622c60000-0x0000024622c60000), size 12976128, SharedBaseAddress: 0x0000024622000000, ArchiveRelocationMode: 1.
Compressed class space mapped at: 0x0000024623000000-0x0000024663000000, reserved size: 1073741824
Narrow klass base: 0x0000024622000000, Narrow klass shift: 0, Narrow klass range: 0x41000000

GC Precious Log:
 CardTable entry size: 512
 Card Set container configuration: InlinePtr #cards 5 size 8 Array Of Cards #cards 12 size 40 Howl #buckets 4 coarsen threshold 1843 Howl Bitmap #cards 512 size 80 coarsen threshold 460 Card regions per heap region 1 cards per card region 2048
 CPUs: 4 total, 4 available
 Memory: 8126M
 Large Page Support: Disabled
 NUMA Support: Disabled
 Compressed Oops: Enabled (32-bit)
 Heap Region Size: 1M
 Heap Min Capacity: 8M
 Heap Initial Capacity: 128M
 Heap Max Capacity: 2032M
 Pre-touch: Disabled
 Parallel Workers: 4
 Concurrent Workers: 1
 Concurrent Refinement Workers: 4
 Periodic GC: Disabled

Heap:
 garbage-first heap   total reserved 2080768K, committed 55296K, used 34075K [0x0000000081000000, 0x0000000100000000)
  region size 1024K, 19 young (19456K), 3 survivors (3072K)
 Metaspace       used 23900K, committed 24192K, reserved 1114112K
  class space    used 2600K, committed 2752K, reserved 1048576K

Heap Regions: E=young(eden), S=young(survivor), O=old, HS=humongous(starts), HC=humongous(continues), CS=collection set, F=free, TAMS=top-at-mark-start, PB=parsable bottom
|   0|0x0000000081000000, 0x0000000081100000, 0x0000000081100000|100%|HS|  |TAMS 0x0000000081000000| PB 0x0000000081000000| Complete |  0
|   1|0x0000000081100000, 0x0000000081200000, 0x0000000081200000|100%|HC|  |TAMS 0x0000000081100000| PB 0x0000000081100000| Complete |  0
|   2|0x0000000081200000, 0x0000000081300000, 0x0000000081300000|100%|HS|  |TAMS 0x0000000081200000| PB 0x0000000081200000| Complete |  0
|   3|0x0000000081300000, 0x0000000081400000, 0x0000000081400000|100%|HS|  |TAMS 0x0000000081300000| PB 0x0000000081300000| Complete |  0
|   4|0x0000000081400000, 0x0000000081500000, 0x0000000081500000|100%|HC|  |TAMS 0x0000000081400000| PB 0x0000000081400000| Complete |  0
|   5|0x0000000081500000, 0x0000000081600000, 0x0000000081600000|100%|HC|  |TAMS 0x0000000081500000| PB 0x0000000081500000| Complete |  0
|   6|0x0000000081600000, 0x0000000081700000, 0x0000000081700000|100%|HC|  |TAMS 0x0000000081600000| PB 0x0000000081600000| Complete |  0
|   7|0x0000000081700000, 0x0000000081800000, 0x0000000081800000|100%| O|  |TAMS 0x0000000081700000| PB 0x0000000081700000| Untracked |  0
|   8|0x0000000081800000, 0x0000000081900000, 0x0000000081900000|100%| O|  |TAMS 0x0000000081800000| PB 0x0000000081800000| Untracked |  0
|   9|0x0000000081900000, 0x0000000081a00000, 0x0000000081a00000|100%| O|  |TAMS 0x0000000081900000| PB 0x0000000081900000| Untracked |  0
|  10|0x0000000081a00000, 0x0000000081b00000, 0x0000000081b00000|100%| O|  |TAMS 0x0000000081a00000| PB 0x0000000081a00000| Untracked |  0
|  11|0x0000000081b00000, 0x0000000081bd51c0, 0x0000000081c00000| 83%| O|  |TAMS 0x0000000081b00000| PB 0x0000000081b00000| Untracked |  0
|  12|0x0000000081c00000, 0x0000000081d00000, 0x0000000081d00000|100%| O|  |TAMS 0x0000000081c00000| PB 0x0000000081c00000| Untracked |  0
|  13|0x0000000081d00000, 0x0000000081e00000, 0x0000000081e00000|100%| O|  |TAMS 0x0000000081d00000| PB 0x0000000081d00000| Untracked |  0
|  14|0x0000000081e00000, 0x0000000081f00000, 0x0000000081f00000|100%| O|  |TAMS 0x0000000081e00000| PB 0x0000000081e00000| Untracked |  0
|  15|0x0000000081f00000, 0x0000000082000000, 0x0000000082000000|100%| O|  |TAMS 0x0000000081f00000| PB 0x0000000081f00000| Untracked |  0
|  16|0x0000000082000000, 0x0000000082000000, 0x0000000082100000|  0%| F|  |TAMS 0x0000000082000000| PB 0x0000000082000000| Untracked |  0
|  17|0x0000000082100000, 0x0000000082100000, 0x0000000082200000|  0%| F|  |TAMS 0x0000000082100000| PB 0x0000000082100000| Untracked |  0
|  18|0x0000000082200000, 0x0000000082200000, 0x0000000082300000|  0%| F|  |TAMS 0x0000000082200000| PB 0x0000000082200000| Untracked |  0
|  19|0x0000000082300000, 0x0000000082300000, 0x0000000082400000|  0%| F|  |TAMS 0x0000000082300000| PB 0x0000000082300000| Untracked |  0
|  20|0x0000000082400000, 0x0000000082471a40, 0x0000000082500000| 44%| S|CS|TAMS 0x0000000082400000| PB 0x0000000082400000| Complete |  0
|  21|0x0000000082500000, 0x0000000082600000, 0x0000000082600000|100%| S|CS|TAMS 0x0000000082500000| PB 0x0000000082500000| Complete |  0
|  22|0x0000000082600000, 0x0000000082700000, 0x0000000082700000|100%| S|CS|TAMS 0x0000000082600000| PB 0x0000000082600000| Complete |  0
|  23|0x0000000082700000, 0x0000000082700000, 0x0000000082800000|  0%| F|  |TAMS 0x0000000082700000| PB 0x0000000082700000| Untracked |  0
|  24|0x0000000082800000, 0x0000000082800000, 0x0000000082900000|  0%| F|  |TAMS 0x0000000082800000| PB 0x0000000082800000| Untracked |  0
|  25|0x0000000082900000, 0x0000000082900000, 0x0000000082a00000|  0%| F|  |TAMS 0x0000000082900000| PB 0x0000000082900000| Untracked |  0
|  26|0x0000000082a00000, 0x0000000082a00000, 0x0000000082b00000|  0%| F|  |TAMS 0x0000000082a00000| PB 0x0000000082a00000| Untracked |  0
|  27|0x0000000082b00000, 0x0000000082b00000, 0x0000000082c00000|  0%| F|  |TAMS 0x0000000082b00000| PB 0x0000000082b00000| Untracked |  0
|  28|0x0000000082c00000, 0x0000000082c00000, 0x0000000082d00000|  0%| F|  |TAMS 0x0000000082c00000| PB 0x0000000082c00000| Untracked |  0
|  29|0x0000000082d00000, 0x0000000082d00000, 0x0000000082e00000|  0%| F|  |TAMS 0x0000000082d00000| PB 0x0000000082d00000| Untracked |  0
|  30|0x0000000082e00000, 0x0000000082e00000, 0x0000000082f00000|  0%| F|  |TAMS 0x0000000082e00000| PB 0x0000000082e00000| Untracked |  0
|  31|0x0000000082f00000, 0x0000000082f00000, 0x0000000083000000|  0%| F|  |TAMS 0x0000000082f00000| PB 0x0000000082f00000| Untracked |  0
|  32|0x0000000083000000, 0x0000000083000000, 0x0000000083100000|  0%| F|  |TAMS 0x0000000083000000| PB 0x0000000083000000| Untracked |  0
|  33|0x0000000083100000, 0x0000000083100000, 0x0000000083200000|  0%| F|  |TAMS 0x0000000083100000| PB 0x0000000083100000| Untracked |  0
|  34|0x0000000083200000, 0x0000000083200000, 0x0000000083300000|  0%| F|  |TAMS 0x0000000083200000| PB 0x0000000083200000| Untracked |  0
|  35|0x0000000083300000, 0x0000000083300000, 0x0000000083400000|  0%| F|  |TAMS 0x0000000083300000| PB 0x0000000083300000| Untracked |  0
|  36|0x0000000083400000, 0x0000000083400000, 0x0000000083500000|  0%| F|  |TAMS 0x0000000083400000| PB 0x0000000083400000| Untracked |  0
|  37|0x0000000083500000, 0x0000000083500000, 0x0000000083600000|  0%| F|  |TAMS 0x0000000083500000| PB 0x0000000083500000| Untracked |  0
|  38|0x0000000083600000, 0x0000000083683878, 0x0000000083700000| 51%| E|  |TAMS 0x0000000083600000| PB 0x0000000083600000| Complete |  0
|  39|0x0000000083700000, 0x0000000083800000, 0x0000000083800000|100%| E|CS|TAMS 0x0000000083700000| PB 0x0000000083700000| Complete |  0
|  40|0x0000000083800000, 0x0000000083900000, 0x0000000083900000|100%| E|CS|TAMS 0x0000000083800000| PB 0x0000000083800000| Complete |  0
|  41|0x0000000083900000, 0x0000000083a00000, 0x0000000083a00000|100%| E|CS|TAMS 0x0000000083900000| PB 0x0000000083900000| Complete |  0
|  42|0x0000000083a00000, 0x0000000083b00000, 0x0000000083b00000|100%| E|CS|TAMS 0x0000000083a00000| PB 0x0000000083a00000| Complete |  0
|  43|0x0000000083b00000, 0x0000000083c00000, 0x0000000083c00000|100%| E|CS|TAMS 0x0000000083b00000| PB 0x0000000083b00000| Complete |  0
|  44|0x0000000083c00000, 0x0000000083d00000, 0x0000000083d00000|100%| E|CS|TAMS 0x0000000083c00000| PB 0x0000000083c00000| Complete |  0
|  45|0x0000000083d00000, 0x0000000083e00000, 0x0000000083e00000|100%| E|CS|TAMS 0x0000000083d00000| PB 0x0000000083d00000| Complete |  0
|  46|0x0000000083e00000, 0x0000000083f00000, 0x0000000083f00000|100%| E|CS|TAMS 0x0000000083e00000| PB 0x0000000083e00000| Complete |  0
|  47|0x0000000083f00000, 0x0000000084000000, 0x0000000084000000|100%| E|CS|TAMS 0x0000000083f00000| PB 0x0000000083f00000| Complete |  0
| 120|0x0000000088800000, 0x0000000088900000, 0x0000000088900000|100%| E|CS|TAMS 0x0000000088800000| PB 0x0000000088800000| Complete |  0
| 121|0x0000000088900000, 0x0000000088a00000, 0x0000000088a00000|100%| E|CS|TAMS 0x0000000088900000| PB 0x0000000088900000| Complete |  0
| 122|0x0000000088a00000, 0x0000000088b00000, 0x0000000088b00000|100%| E|CS|TAMS 0x0000000088a00000| PB 0x0000000088a00000| Complete |  0
| 123|0x0000000088b00000, 0x0000000088c00000, 0x0000000088c00000|100%| E|CS|TAMS 0x0000000088b00000| PB 0x0000000088b00000| Complete |  0
| 126|0x0000000088e00000, 0x0000000088f00000, 0x0000000088f00000|100%| E|CS|TAMS 0x0000000088e00000| PB 0x0000000088e00000| Complete |  0
| 127|0x0000000088f00000, 0x0000000089000000, 0x0000000089000000|100%| E|CS|TAMS 0x0000000088f00000| PB 0x0000000088f00000| Complete |  0

Card table byte_map: [0x000002461d470000,0x000002461d870000] _byte_map_base: 0x000002461d068000

Marking Bits: (CMBitMap*) 0x0000024605d6c500
 Bits: [0x000002461d870000, 0x000002461f830000)

Polling page: 0x0000024603ba0000

Metaspace:

Usage:
  Non-class:     20.80 MB used.
      Class:      2.54 MB used.
       Both:     23.34 MB used.

Virtual space:
  Non-class space:       64.00 MB reserved,      20.94 MB ( 33%) committed,  1 nodes.
      Class space:        1.00 GB reserved,       2.69 MB ( <1%) committed,  1 nodes.
             Both:        1.06 GB reserved,      23.62 MB (  2%) committed. 

Chunk freelists:
   Non-Class:  10.85 MB
       Class:  13.22 MB
        Both:  24.07 MB

MaxMetaspaceSize: unlimited
CompressedClassSpaceSize: 1.00 GB
Initial GC threshold: 21.00 MB
Current GC threshold: 35.12 MB
CDS: on
 - commit_granule_bytes: 65536.
 - commit_granule_words: 8192.
 - virtual_space_node_default_size: 8388608.
 - enlarge_chunks_in_place: 1.
 - use_allocation_guard: 0.


Internal statistics:

num_allocs_failed_limit: 3.
num_arena_births: 226.
num_arena_deaths: 0.
num_vsnodes_births: 2.
num_vsnodes_deaths: 0.
num_space_committed: 378.
num_space_uncommitted: 0.
num_chunks_returned_to_freelist: 3.
num_chunks_taken_from_freelist: 488.
num_chunk_merges: 0.
num_chunk_splits: 282.
num_chunks_enlarged: 163.
num_inconsistent_stats: 0.

CodeHeap 'non-profiled nmethods': size=120000Kb used=3792Kb max_used=3792Kb free=116207Kb
 bounds [0x0000024615b40000, 0x0000024615f00000, 0x000002461d070000]
CodeHeap 'profiled nmethods': size=120000Kb used=12077Kb max_used=12077Kb free=107922Kb
 bounds [0x000002460e070000, 0x000002460ec40000, 0x00000246155a0000]
CodeHeap 'non-nmethods': size=5760Kb used=1793Kb max_used=1847Kb free=3966Kb
 bounds [0x00000246155a0000, 0x0000024615810000, 0x0000024615b40000]
 total_blobs=6568 nmethods=5762 adapters=708
 compilation: enabled
              stopped_count=0, restarted_count=0
 full_count=0

Compilation events (20 events):
Event: 839.899 Thread 0x0000024621cfafb0 5758       1       sun.nio.ch.OptionKey::name (5 bytes)
Event: 839.899 Thread 0x0000024621cfafb0 nmethod 5758 0x0000024615ef3b10 code [0x0000024615ef3ca0, 0x0000024615ef3d68]
Event: 839.899 Thread 0x0000024621cf80b0 nmethod 5759 0x0000024615ef3e10 code [0x0000024615ef3f80, 0x0000024615ef4008]
Event: 839.924 Thread 0x0000024621cf80b0 5760       4       javax.swing.plaf.nimbus.SynthPainterImpl::paintBackground (68 bytes)
Event: 839.926 Thread 0x0000024621cfafb0 5762       3       javax.swing.plaf.nimbus.ButtonPainter::doPaint (178 bytes)
Event: 839.927 Thread 0x0000024621cfafb0 nmethod 5762 0x000002460ec33010 code [0x000002460ec33300, 0x000002460ec33b38]
Event: 839.927 Thread 0x0000024621cfafb0 5763       3       javax.swing.plaf.nimbus.ButtonPainter::decodeRoundRect2 (66 bytes)
Event: 839.927 Thread 0x0000024621cfafb0 nmethod 5763 0x000002460ec33d10 code [0x000002460ec33f80, 0x000002460ec342e0]
Event: 839.927 Thread 0x0000024621cfafb0 5764       3       javax.swing.plaf.nimbus.ButtonPainter::decodeRoundRect3 (66 bytes)
Event: 839.928 Thread 0x0000024621cfafb0 nmethod 5764 0x000002460ec34490 code [0x000002460ec34700, 0x000002460ec34a60]
Event: 839.928 Thread 0x0000024621cfafb0 5765       3       javax.swing.plaf.synth.SynthButtonUI::paintBorder (17 bytes)
Event: 839.928 Thread 0x0000024621cfafb0 nmethod 5765 0x000002460ec34c10 code [0x000002460ec34de0, 0x000002460ec35198]
Event: 839.928 Thread 0x0000024621cfafb0 5766       3       javax.swing.plaf.nimbus.SynthPainterImpl::paintButtonBorder (15 bytes)
Event: 839.929 Thread 0x0000024621cfafb0 nmethod 5766 0x000002460ec35310 code [0x000002460ec354c0, 0x000002460ec35608]
Event: 839.930 Thread 0x0000024621cfafb0 5767       3       javax.swing.plaf.synth.SynthButtonUI::getIcon (131 bytes)
Event: 839.933 Thread 0x0000024621cfafb0 nmethod 5767 0x000002460ec35710 code [0x000002460ec35b80, 0x000002460ec37d58]
Event: 839.933 Thread 0x0000024621cfafb0 5768       3       javax.swing.plaf.synth.SynthButtonUI::getTextShiftOffset (59 bytes)
Event: 839.935 Thread 0x0000024621cfafb0 nmethod 5768 0x000002460ec38710 code [0x000002460ec38a80, 0x000002460ec3a198]
Event: 839.938 Thread 0x0000024621cfafb0 5769       3       javax.swing.JScrollBar::setValues (66 bytes)
Event: 839.939 Thread 0x0000024621cfafb0 nmethod 5769 0x000002460ec3a890 code [0x000002460ec3aac0, 0x000002460ec3b378]

GC Heap History (18 events):
Event: 11.742 GC heap before
{Heap before GC invocations=0 (full 0):
 garbage-first heap   total reserved 2080768K, committed 131072K, used 20480K [0x0000000081000000, 0x0000000100000000)
  region size 1024K, 14 young (14336K), 0 survivors (0K)
 Metaspace       used 10483K, committed 10688K, reserved 1114112K
  class space    used 1211K, committed 1344K, reserved 1048576K
}
Event: 11.757 GC heap after
{Heap after GC invocations=1 (full 0):
 garbage-first heap   total reserved 2080768K, committed 131072K, used 11214K [0x0000000081000000, 0x0000000100000000)
  region size 1024K, 2 young (2048K), 2 survivors (2048K)
 Metaspace       used 10483K, committed 10688K, reserved 1114112K
  class space    used 1211K, committed 1344K, reserved 1048576K
}
Event: 14.964 GC heap before
{Heap before GC invocations=1 (full 0):
 garbage-first heap   total reserved 2080768K, committed 131072K, used 27598K [0x0000000081000000, 0x0000000100000000)
  region size 1024K, 18 young (18432K), 2 survivors (2048K)
 Metaspace       used 20866K, committed 21120K, reserved 1114112K
  class space    used 2442K, committed 2560K, reserved 1048576K
}
Event: 14.981 GC heap after
{Heap after GC invocations=2 (full 0):
 garbage-first heap   total reserved 2080768K, committed 131072K, used 14872K [0x0000000081000000, 0x0000000100000000)
  region size 1024K, 3 young (3072K), 3 survivors (3072K)
 Metaspace       used 20866K, committed 21120K, reserved 1114112K
  class space    used 2442K, committed 2560K, reserved 1048576K
}
Event: 19.150 GC heap before
{Heap before GC invocations=2 (full 0):
 garbage-first heap   total reserved 2080768K, committed 131072K, used 17944K [0x0000000081000000, 0x0000000100000000)
  region size 1024K, 7 young (7168K), 3 survivors (3072K)
 Metaspace       used 21321K, committed 21504K, reserved 1114112K
  class space    used 2461K, committed 2560K, reserved 1048576K
}
Event: 19.155 GC heap after
{Heap after GC invocations=3 (full 0):
 garbage-first heap   total reserved 2080768K, committed 131072K, used 15408K [0x0000000081000000, 0x0000000100000000)
  region size 1024K, 4 young (4096K), 4 survivors (4096K)
 Metaspace       used 21321K, committed 21504K, reserved 1114112K
  class space    used 2461K, committed 2560K, reserved 1048576K
}
Event: 66.586 GC heap before
{Heap before GC invocations=4 (full 0):
 garbage-first heap   total reserved 2080768K, committed 55296K, used 43056K [0x0000000081000000, 0x0000000100000000)
  region size 1024K, 32 young (32768K), 4 survivors (4096K)
 Metaspace       used 22711K, committed 23040K, reserved 1114112K
  class space    used 2570K, committed 2752K, reserved 1048576K
}
Event: 66.593 GC heap after
{Heap after GC invocations=5 (full 0):
 garbage-first heap   total reserved 2080768K, committed 55296K, used 16651K [0x0000000081000000, 0x0000000100000000)
  region size 1024K, 2 young (2048K), 2 survivors (2048K)
 Metaspace       used 22711K, committed 23040K, reserved 1114112K
  class space    used 2570K, committed 2752K, reserved 1048576K
}
Event: 200.443 GC heap before
{Heap before GC invocations=5 (full 0):
 garbage-first heap   total reserved 2080768K, committed 55296K, used 44299K [0x0000000081000000, 0x0000000100000000)
  region size 1024K, 29 young (29696K), 2 survivors (2048K)
 Metaspace       used 22992K, committed 23296K, reserved 1114112K
  class space    used 2577K, committed 2752K, reserved 1048576K
}
Event: 200.449 GC heap after
{Heap after GC invocations=6 (full 0):
 garbage-first heap   total reserved 2080768K, committed 55296K, used 16733K [0x0000000081000000, 0x0000000100000000)
  region size 1024K, 2 young (2048K), 2 survivors (2048K)
 Metaspace       used 22992K, committed 23296K, reserved 1114112K
  class space    used 2577K, committed 2752K, reserved 1048576K
}
Event: 342.203 GC heap before
{Heap before GC invocations=6 (full 0):
 garbage-first heap   total reserved 2080768K, committed 55296K, used 46429K [0x0000000081000000, 0x0000000100000000)
  region size 1024K, 31 young (31744K), 2 survivors (2048K)
 Metaspace       used 23211K, committed 23552K, reserved 1114112K
  class space    used 2577K, committed 2752K, reserved 1048576K
}
Event: 342.206 GC heap after
{Heap after GC invocations=7 (full 0):
 garbage-first heap   total reserved 2080768K, committed 55296K, used 17044K [0x0000000081000000, 0x0000000100000000)
  region size 1024K, 2 young (2048K), 2 survivors (2048K)
 Metaspace       used 23211K, committed 23552K, reserved 1114112K
  class space    used 2577K, committed 2752K, reserved 1048576K
}
Event: 506.300 GC heap before
{Heap before GC invocations=7 (full 0):
 garbage-first heap   total reserved 2080768K, committed 55296K, used 47764K [0x0000000081000000, 0x0000000100000000)
  region size 1024K, 32 young (32768K), 2 survivors (2048K)
 Metaspace       used 23586K, committed 23936K, reserved 1114112K
  class space    used 2599K, committed 2752K, reserved 1048576K
}
Event: 506.307 GC heap after
{Heap after GC invocations=8 (full 0):
 garbage-first heap   total reserved 2080768K, committed 55296K, used 18162K [0x0000000081000000, 0x0000000100000000)
  region size 1024K, 4 young (4096K), 4 survivors (4096K)
 Metaspace       used 23586K, committed 23936K, reserved 1114112K
  class space    used 2599K, committed 2752K, reserved 1048576K
}
Event: 598.659 GC heap before
{Heap before GC invocations=8 (full 0):
 garbage-first heap   total reserved 2080768K, committed 55296K, used 45810K [0x0000000081000000, 0x0000000100000000)
  region size 1024K, 31 young (31744K), 4 survivors (4096K)
 Metaspace       used 23704K, committed 24000K, reserved 1114112K
  class space    used 2600K, committed 2752K, reserved 1048576K
}
Event: 598.663 GC heap after
{Heap after GC invocations=9 (full 0):
 garbage-first heap   total reserved 2080768K, committed 55296K, used 18238K [0x0000000081000000, 0x0000000100000000)
  region size 1024K, 3 young (3072K), 3 survivors (3072K)
 Metaspace       used 23704K, committed 24000K, reserved 1114112K
  class space    used 2600K, committed 2752K, reserved 1048576K
}
Event: 818.986 GC heap before
{Heap before GC invocations=9 (full 0):
 garbage-first heap   total reserved 2080768K, committed 55296K, used 46910K [0x0000000081000000, 0x0000000100000000)
  region size 1024K, 31 young (31744K), 3 survivors (3072K)
 Metaspace       used 23841K, committed 24128K, reserved 1114112K
  class space    used 2600K, committed 2752K, reserved 1048576K
}
Event: 818.992 GC heap after
{Heap after GC invocations=10 (full 0):
 garbage-first heap   total reserved 2080768K, committed 55296K, used 18715K [0x0000000081000000, 0x0000000100000000)
  region size 1024K, 3 young (3072K), 3 survivors (3072K)
 Metaspace       used 23841K, committed 24128K, reserved 1114112K
  class space    used 2600K, committed 2752K, reserved 1048576K
}

Dll operation events (11 events):
Event: 0.025 Loaded shared library C:\Program Files\Java\jdk-22\bin\java.dll
Event: 0.280 Loaded shared library C:\Program Files\Java\jdk-22\bin\jsvml.dll
Event: 0.461 Loaded shared library C:\Program Files\Java\jdk-22\bin\net.dll
Event: 0.467 Loaded shared library C:\Program Files\Java\jdk-22\bin\nio.dll
Event: 0.539 Loaded shared library C:\Program Files\Java\jdk-22\bin\zip.dll
Event: 0.585 Loaded shared library C:\Program Files\Java\jdk-22\bin\jimage.dll
Event: 0.620 Loaded shared library C:\Program Files\Java\jdk-22\bin\awt.dll
Event: 0.924 Loaded shared library C:\Program Files\Java\jdk-22\bin\freetype.dll
Event: 0.925 Loaded shared library C:\Program Files\Java\jdk-22\bin\fontmanager.dll
Event: 12.179 Loaded shared library C:\Program Files\Java\jdk-22\bin\extnet.dll
Event: 12.899 Loaded shared library C:\Program Files\Java\jdk-22\bin\sunmscapi.dll

Deoptimization events (20 events):
Event: 597.611 Thread 0x0000024668353d20 Uncommon trap: trap_request=0xffffffbe fr.pc=0x0000024615e928c8 relative=0x0000000000000568
Event: 597.611 Thread 0x0000024668353d20 Uncommon trap: reason=profile_predicate action=maybe_recompile pc=0x0000024615e928c8 method=com.sun.crypto.provider.HmacCore.engineInit(Ljava/security/Key;Ljava/security/spec/AlgorithmParameterSpec;)V @ 88 c2
Event: 597.611 Thread 0x0000024668353d20 DEOPT PACKING pc=0x0000024615e928c8 sp=0x00000061f08fd6a0
Event: 597.611 Thread 0x0000024668353d20 DEOPT UNPACKING pc=0x00000246155f46a2 sp=0x00000061f08fd638 mode 2
Event: 597.611 Thread 0x0000024668353d20 Uncommon trap: trap_request=0xffffffbe fr.pc=0x0000024615e928c8 relative=0x0000000000000568
Event: 597.611 Thread 0x0000024668353d20 Uncommon trap: reason=profile_predicate action=maybe_recompile pc=0x0000024615e928c8 method=com.sun.crypto.provider.HmacCore.engineInit(Ljava/security/Key;Ljava/security/spec/AlgorithmParameterSpec;)V @ 88 c2
Event: 597.611 Thread 0x0000024668353d20 DEOPT PACKING pc=0x0000024615e928c8 sp=0x00000061f08fd7c0
Event: 597.611 Thread 0x0000024668353d20 DEOPT UNPACKING pc=0x00000246155f46a2 sp=0x00000061f08fd758 mode 2
Event: 597.611 Thread 0x0000024668353d20 Uncommon trap: trap_request=0xffffffbe fr.pc=0x0000024615e928c8 relative=0x0000000000000568
Event: 597.611 Thread 0x0000024668353d20 Uncommon trap: reason=profile_predicate action=maybe_recompile pc=0x0000024615e928c8 method=com.sun.crypto.provider.HmacCore.engineInit(Ljava/security/Key;Ljava/security/spec/AlgorithmParameterSpec;)V @ 88 c2
Event: 597.611 Thread 0x0000024668353d20 DEOPT PACKING pc=0x0000024615e928c8 sp=0x00000061f08fd7c0
Event: 597.611 Thread 0x0000024668353d20 DEOPT UNPACKING pc=0x00000246155f46a2 sp=0x00000061f08fd758 mode 2
Event: 597.612 Thread 0x0000024668353d20 DEOPT PACKING pc=0x000002460ea6b293 sp=0x00000061f08fd400
Event: 597.612 Thread 0x0000024668353d20 DEOPT UNPACKING pc=0x00000246155f4e42 sp=0x00000061f08fc870 mode 0
Event: 605.155 Thread 0x0000024668353d20 Uncommon trap: trap_request=0xffffff6e fr.pc=0x0000024615eb11f4 relative=0x0000000000000294
Event: 605.155 Thread 0x0000024668353d20 Uncommon trap: reason=loop_limit_check action=maybe_recompile pc=0x0000024615eb11f4 method=javax.swing.GroupLayout$Group.setSize(III)V @ 28 c2
Event: 605.155 Thread 0x0000024668353d20 DEOPT PACKING pc=0x0000024615eb11f4 sp=0x00000061f08fe3e0
Event: 605.155 Thread 0x0000024668353d20 DEOPT UNPACKING pc=0x00000246155f46a2 sp=0x00000061f08fe378 mode 2
Event: 838.564 Thread 0x0000024668353d20 DEOPT PACKING pc=0x000002460eaab688 sp=0x00000061f08fd4e0
Event: 838.564 Thread 0x0000024668353d20 DEOPT UNPACKING pc=0x00000246155f4e42 sp=0x00000061f08fc960 mode 0

Classes loaded (20 events):
Event: 57.523 Loading class javax/swing/plaf/basic/BasicPopupMenuUI$MouseGrabber$2
Event: 57.524 Loading class javax/swing/plaf/basic/BasicPopupMenuUI$MouseGrabber$2 done
Event: 66.553 Loading class javax/swing/text/DefaultHighlighter$LayeredHighlightInfo
Event: 66.554 Loading class javax/swing/text/DefaultHighlighter$HighlightInfo
Event: 66.554 Loading class javax/swing/text/DefaultHighlighter$HighlightInfo done
Event: 66.554 Loading class javax/swing/text/DefaultHighlighter$LayeredHighlightInfo done
Event: 91.289 Loading class java/security/DomainCombiner
Event: 91.291 Loading class java/security/DomainCombiner done
Event: 91.474 Loading class java/awt/Canvas
Event: 91.475 Loading class java/awt/Canvas done
Event: 91.475 Loading class java/awt/Scrollbar
Event: 91.476 Loading class java/awt/Scrollbar done
Event: 92.969 Loading class javax/swing/event/ListDataEvent
Event: 92.969 Loading class javax/swing/event/ListDataEvent done
Event: 92.970 Loading class java/awt/event/ItemEvent
Event: 92.970 Loading class java/awt/event/ItemEvent done
Event: 443.064 Loading class java/awt/KeyboardFocusManager$4
Event: 443.073 Loading class java/awt/KeyboardFocusManager$4 done
Event: 446.901 Loading class java/lang/foreign/MemorySegment
Event: 446.902 Loading class java/lang/foreign/MemorySegment done

Classes unloaded (0 events):
No events

Classes redefined (0 events):
No events

Internal exceptions (20 events):
Event: 95.407 Thread 0x0000024668353d20 Exception <a 'java/io/IOException'{0x00000000834dd4c0}> (0x00000000834dd4c0) 
thrown [s\open\src\hotspot\share\prims\jni.cpp, line 520]
Event: 189.925 Thread 0x0000024668353d20 Exception <a 'java/io/IOException'{0x000000008328b168}> (0x000000008328b168) 
thrown [s\open\src\hotspot\share\prims\jni.cpp, line 520]
Event: 222.795 Thread 0x0000024668353d20 Exception <a 'java/io/IOException'{0x0000000083ae1d68}> (0x0000000083ae1d68) 
thrown [s\open\src\hotspot\share\prims\jni.cpp, line 520]
Event: 222.906 Thread 0x0000024668353d20 Exception <a 'java/io/IOException'{0x0000000083969248}> (0x0000000083969248) 
thrown [s\open\src\hotspot\share\prims\jni.cpp, line 520]
Event: 317.324 Thread 0x0000024668353d20 Exception <a 'java/io/IOException'{0x000000008379a9d8}> (0x000000008379a9d8) 
thrown [s\open\src\hotspot\share\prims\jni.cpp, line 520]
Event: 437.469 Thread 0x0000024668353d20 Implicit null exception at 0x0000024615da7970 to 0x0000024615dab190
Event: 443.409 Thread 0x0000024668353d20 Exception <a 'java/io/IOException'{0x0000000083c1a2b8}> (0x0000000083c1a2b8) 
thrown [s\open\src\hotspot\share\prims\jni.cpp, line 520]
Event: 444.303 Thread 0x0000024668353d20 Exception <a 'java/io/IOException'{0x0000000083be4498}> (0x0000000083be4498) 
thrown [s\open\src\hotspot\share\prims\jni.cpp, line 520]
Event: 444.951 Thread 0x0000024668353d20 Exception <a 'java/io/IOException'{0x000000008397fa58}> (0x000000008397fa58) 
thrown [s\open\src\hotspot\share\prims\jni.cpp, line 520]
Event: 487.126 Thread 0x0000024668353d20 Exception <a 'java/io/IOException'{0x00000000834ebdd8}> (0x00000000834ebdd8) 
thrown [s\open\src\hotspot\share\prims\jni.cpp, line 520]
Event: 515.453 Thread 0x0000024668353d20 Exception <a 'java/io/IOException'{0x000000008883b858}> (0x000000008883b858) 
thrown [s\open\src\hotspot\share\prims\jni.cpp, line 520]
Event: 515.595 Thread 0x0000024668353d20 Exception <a 'java/io/IOException'{0x0000000083f360f0}> (0x0000000083f360f0) 
thrown [s\open\src\hotspot\share\prims\jni.cpp, line 520]
Event: 568.835 Thread 0x0000024668353d20 Exception <a 'java/io/IOException'{0x0000000083ebcba0}> (0x0000000083ebcba0) 
thrown [s\open\src\hotspot\share\prims\jni.cpp, line 520]
Event: 598.717 Thread 0x0000024668353d20 Exception <a 'java/io/IOException'{0x0000000088ffae08}> (0x0000000088ffae08) 
thrown [s\open\src\hotspot\share\prims\jni.cpp, line 520]
Event: 605.218 Thread 0x0000024668353d20 Exception <a 'java/io/IOException'{0x0000000088be29b8}> (0x0000000088be29b8) 
thrown [s\open\src\hotspot\share\prims\jni.cpp, line 520]
Event: 781.768 Thread 0x0000024668353d20 Exception <a 'java/io/IOException'{0x00000000832612a0}> (0x00000000832612a0) 
thrown [s\open\src\hotspot\share\prims\jni.cpp, line 520]
Event: 781.817 Thread 0x0000024668353d20 Exception <a 'java/io/IOException'{0x00000000832e0410}> (0x00000000832e0410) 
thrown [s\open\src\hotspot\share\prims\jni.cpp, line 520]
Event: 811.105 Thread 0x0000024668353d20 Exception <a 'java/io/IOException'{0x0000000082f04848}> (0x0000000082f04848) 
thrown [s\open\src\hotspot\share\prims\jni.cpp, line 520]
Event: 839.839 Thread 0x0000024668353d20 Exception <a 'java/io/IOException'{0x00000000838debd8}> (0x00000000838debd8) 
thrown [s\open\src\hotspot\share\prims\jni.cpp, line 520]
Event: 839.897 Thread 0x0000024668353d20 Exception <a 'java/io/IOException'{0x00000000837e1ad0}> (0x00000000837e1ad0) 
thrown [s\open\src\hotspot\share\prims\jni.cpp, line 520]

ZGC Phase Switch (0 events):
No events

VM Operations (20 events):
Event: 782.019 Executing VM operation: RendezvousGCThreads
Event: 782.019 Executing VM operation: RendezvousGCThreads done
Event: 811.169 Executing VM operation: Cleanup
Event: 811.169 Executing VM operation: Cleanup done
Event: 818.986 Executing VM operation: G1CollectForAllocation (G1 Evacuation Pause)
Event: 818.992 Executing VM operation: G1CollectForAllocation (G1 Evacuation Pause) done
Event: 820.002 Executing VM operation: Cleanup
Event: 820.002 Executing VM operation: Cleanup done
Event: 821.009 Executing VM operation: Cleanup
Event: 821.009 Executing VM operation: Cleanup done
Event: 825.038 Executing VM operation: Cleanup
Event: 825.038 Executing VM operation: Cleanup done
Event: 836.130 Executing VM operation: Cleanup
Event: 836.130 Executing VM operation: Cleanup done
Event: 837.144 Executing VM operation: Cleanup
Event: 837.144 Executing VM operation: Cleanup done
Event: 838.159 Executing VM operation: Cleanup
Event: 838.159 Executing VM operation: Cleanup done
Event: 839.173 Executing VM operation: Cleanup
Event: 839.174 Executing VM operation: Cleanup done

Events (20 events):
Event: 24.641 Thread 0x0000024669fc3370 Thread exited: 0x0000024669fc3370
Event: 57.628 Thread 0x0000024669fc1930 Thread added: 0x0000024669fc1930
Event: 62.663 Thread 0x0000024669fc1930 Thread exited: 0x0000024669fc1930
Event: 95.325 Thread 0x0000024669fc4db0 Thread added: 0x0000024669fc4db0
Event: 100.370 Thread 0x0000024669fc4db0 Thread exited: 0x0000024669fc4db0
Event: 222.823 Thread 0x0000024669fc1930 Thread added: 0x0000024669fc1930
Event: 227.867 Thread 0x0000024669fc1930 Thread exited: 0x0000024669fc1930
Event: 350.954 Thread 0x0000024669fc4db0 Thread added: 0x0000024669fc4db0
Event: 350.987 Thread 0x000002466afd24b0 Thread added: 0x000002466afd24b0
Event: 355.977 Thread 0x0000024669fc4db0 Thread exited: 0x0000024669fc4db0
Event: 356.387 Thread 0x000002466afd24b0 Thread exited: 0x000002466afd24b0
Event: 443.267 Thread 0x0000024669fc4720 Thread added: 0x0000024669fc4720
Event: 451.881 Thread 0x0000024669fc4720 Thread exited: 0x0000024669fc4720
Event: 515.489 Thread 0x0000024669fc4db0 Thread added: 0x0000024669fc4db0
Event: 520.574 Thread 0x0000024669fc4db0 Thread exited: 0x0000024669fc4db0
Event: 598.658 Thread 0x0000024669fc3370 Thread added: 0x0000024669fc3370
Event: 603.692 Thread 0x0000024669fc3370 Thread exited: 0x0000024669fc3370
Event: 781.784 Thread 0x0000024669fc3a00 Thread added: 0x0000024669fc3a00
Event: 786.811 Thread 0x0000024669fc3a00 Thread exited: 0x0000024669fc3a00
Event: 839.855 Thread 0x0000024669fc3370 Thread added: 0x0000024669fc3370


Dynamic libraries:
0x00007ff6fdc90000 - 0x00007ff6fdca0000 	C:\Program Files\Java\jdk-22\bin\java.exe
0x00007ff9f9350000 - 0x00007ff9f9545000 	C:\Windows\SYSTEM32\ntdll.dll
0x00007ff9f77b0000 - 0x00007ff9f786e000 	C:\Windows\System32\KERNEL32.DLL
0x00007ff9f6e40000 - 0x00007ff9f7109000 	C:\Windows\System32\KERNELBASE.dll
0x00007ff9f7110000 - 0x00007ff9f7210000 	C:\Windows\System32\ucrtbase.dll
0x00007ff9ebe00000 - 0x00007ff9ebe17000 	C:\Program Files\Java\jdk-22\bin\jli.dll
0x00007ff9f8730000 - 0x00007ff9f87dc000 	C:\Windows\System32\ADVAPI32.dll
0x00007ff9f91c0000 - 0x00007ff9f925e000 	C:\Windows\System32\msvcrt.dll
0x00007ff9f8a50000 - 0x00007ff9f8aeb000 	C:\Windows\System32\sechost.dll
0x00007ff9f88c0000 - 0x00007ff9f89ea000 	C:\Windows\System32\RPCRT4.dll
0x00007ff9f7450000 - 0x00007ff9f75f1000 	C:\Windows\System32\USER32.dll
0x00007ff9f6bd0000 - 0x00007ff9f6bf2000 	C:\Windows\System32\win32u.dll
0x00007ff9f73a0000 - 0x00007ff9f73cb000 	C:\Windows\System32\GDI32.dll
0x00007ff9f6c00000 - 0x00007ff9f6d0b000 	C:\Windows\System32\gdi32full.dll
0x00007ff9f6d10000 - 0x00007ff9f6dad000 	C:\Windows\System32\msvcp_win.dll
0x00007ff9a23f0000 - 0x00007ff9a240b000 	C:\Program Files\Java\jdk-22\bin\VCRUNTIME140.dll
0x00007ff9e5cd0000 - 0x00007ff9e5f6a000 	C:\Windows\WinSxS\amd64_microsoft.windows.common-controls_6595b64144ccf1df_6.0.19041.1110_none_60b5254171f9507e\COMCTL32.dll
0x00007ff9e4990000 - 0x00007ff9e499a000 	C:\Windows\SYSTEM32\VERSION.dll
0x00007ff9f7fc0000 - 0x00007ff9f7ff0000 	C:\Windows\System32\IMM32.DLL
0x00007ff9cfd70000 - 0x00007ff9cfd7c000 	C:\Program Files\Java\jdk-22\bin\vcruntime140_1.dll
0x00007ff9a2010000 - 0x00007ff9a209e000 	C:\Program Files\Java\jdk-22\bin\msvcp140.dll
0x00007ff9a2410000 - 0x00007ff9a3157000 	C:\Program Files\Java\jdk-22\bin\server\jvm.dll
0x00007ff9f73e0000 - 0x00007ff9f744b000 	C:\Windows\System32\WS2_32.dll
0x00007ff9f6030000 - 0x00007ff9f607b000 	C:\Windows\SYSTEM32\POWRPROF.dll
0x00007ff9dc550000 - 0x00007ff9dc577000 	C:\Windows\SYSTEM32\WINMM.dll
0x00007ff9f5ea0000 - 0x00007ff9f5eb2000 	C:\Windows\SYSTEM32\UMPDC.dll
0x00007ff9f4970000 - 0x00007ff9f4982000 	C:\Windows\SYSTEM32\kernel.appcore.dll
0x00007ff9a2380000 - 0x00007ff9a238a000 	C:\Program Files\Java\jdk-22\bin\jimage.dll
0x00007ff9d5680000 - 0x00007ff9d5864000 	C:\Windows\SYSTEM32\DBGHELP.DLL
0x00007ff9d5650000 - 0x00007ff9d567c000 	C:\Windows\SYSTEM32\dbgcore.DLL
0x00007ff9f7260000 - 0x00007ff9f72e3000 	C:\Windows\System32\bcryptPrimitives.dll
0x00007ff9a2390000 - 0x00007ff9a23ae000 	C:\Program Files\Java\jdk-22\bin\java.dll
0x00007ff9f7ff0000 - 0x00007ff9f872f000 	C:\Windows\System32\SHELL32.dll
0x00007ff9f7e90000 - 0x00007ff9f7fba000 	C:\Windows\System32\ole32.dll
0x00007ff9f7a70000 - 0x00007ff9f7dc5000 	C:\Windows\System32\combase.dll
0x00007ff9f4b70000 - 0x00007ff9f5300000 	C:\Windows\SYSTEM32\windows.storage.dll
0x00007ff9f64c0000 - 0x00007ff9f64ec000 	C:\Windows\SYSTEM32\Wldp.dll
0x00007ff9f7940000 - 0x00007ff9f79ed000 	C:\Windows\System32\SHCORE.dll
0x00007ff9f7870000 - 0x00007ff9f78c5000 	C:\Windows\System32\shlwapi.dll
0x00007ff9f69b0000 - 0x00007ff9f69cf000 	C:\Windows\SYSTEM32\profapi.dll
0x00007ff9a22a0000 - 0x00007ff9a2377000 	C:\Program Files\Java\jdk-22\bin\jsvml.dll
0x00007ff9a2290000 - 0x00007ff9a22a0000 	C:\Program Files\Java\jdk-22\bin\net.dll
0x00007ff9f6220000 - 0x00007ff9f628a000 	C:\Windows\system32\mswsock.dll
0x00007ff9a2270000 - 0x00007ff9a2286000 	C:\Program Files\Java\jdk-22\bin\nio.dll
0x00007ff9a2250000 - 0x00007ff9a2267000 	C:\Program Files\Java\jdk-22\bin\zip.dll
0x00007ff9a20a0000 - 0x00007ff9a222e000 	C:\Program Files\Java\jdk-22\bin\awt.dll
0x00007ff9f90f0000 - 0x00007ff9f91bd000 	C:\Windows\System32\OLEAUT32.dll
0x00007ff9f43a0000 - 0x00007ff9f4430000 	C:\Windows\SYSTEM32\apphelp.dll
0x00007ff9f44a0000 - 0x00007ff9f453e000 	C:\Windows\system32\uxtheme.dll
0x00007ff9f8f70000 - 0x00007ff9f9085000 	C:\Windows\System32\MSCTF.dll
0x00007ff9f4680000 - 0x00007ff9f46af000 	C:\Windows\system32\DWMAPI.DLL
0x00007ff9ec070000 - 0x00007ff9ec0f7000 	C:\Program Files\Java\jdk-22\bin\freetype.dll
0x00007ff9ebf90000 - 0x00007ff9ec067000 	C:\Program Files\Java\jdk-22\bin\fontmanager.dll
0x00007ff9cf840000 - 0x00007ff9cf965000 	C:\Windows\system32\opengl32.dll
0x00007ff9cf7d0000 - 0x00007ff9cf7fc000 	C:\Windows\SYSTEM32\GLU32.dll
0x00007ff9f7de0000 - 0x00007ff9f7e89000 	C:\Windows\System32\clbcatq.dll
0x00007ff9f1120000 - 0x00007ff9f12d4000 	C:\Windows\SYSTEM32\WindowsCodecs.dll
0x00007ff9f6db0000 - 0x00007ff9f6dd7000 	C:\Windows\System32\bcrypt.dll
0x00007ff9ce660000 - 0x00007ff9ce69e000 	C:\Windows\system32\dataexchange.dll
0x00007ff9f3710000 - 0x00007ff9f38f5000 	C:\Windows\system32\dcomp.dll
0x00007ff9f2ea0000 - 0x00007ff9f3104000 	C:\Windows\system32\d3d11.dll
0x00007ff9f5360000 - 0x00007ff9f5454000 	C:\Windows\system32\dxgi.dll
0x00007ff9f17a0000 - 0x00007ff9f19a1000 	C:\Windows\system32\twinapi.appcore.dll
0x00007ff9e92e0000 - 0x00007ff9e93d9000 	C:\Windows\SYSTEM32\textinputframework.dll
0x00007ff9f3c80000 - 0x00007ff9f3fde000 	C:\Windows\System32\CoreUIComponents.dll
0x00007ff9f3fe0000 - 0x00007ff9f40d2000 	C:\Windows\System32\CoreMessaging.dll
0x00007ff9f5760000 - 0x00007ff9f5793000 	C:\Windows\SYSTEM32\ntmarta.dll
0x00007ff9f28e0000 - 0x00007ff9f2a34000 	C:\Windows\SYSTEM32\wintypes.dll
0x00007ff9f5f10000 - 0x00007ff9f5fdc000 	C:\Windows\SYSTEM32\DNSAPI.dll
0x00007ff9f5ec0000 - 0x00007ff9f5efb000 	C:\Windows\SYSTEM32\IPHLPAPI.DLL
0x00007ff9f7930000 - 0x00007ff9f7938000 	C:\Windows\System32\NSI.dll
0x00007ff9eb600000 - 0x00007ff9eb60a000 	C:\Windows\System32\rasadhlp.dll
0x00007ff9e9100000 - 0x00007ff9e917f000 	C:\Windows\System32\fwpuclnt.dll
0x00007ff9a2230000 - 0x00007ff9a2239000 	C:\Program Files\Java\jdk-22\bin\extnet.dll
0x00007ff9f6410000 - 0x00007ff9f6428000 	C:\Windows\SYSTEM32\CRYPTSP.dll
0x00007ff9f5b30000 - 0x00007ff9f5b64000 	C:\Windows\system32\rsaenh.dll
0x00007ff9f6930000 - 0x00007ff9f695e000 	C:\Windows\SYSTEM32\USERENV.dll
0x00007ff9f6430000 - 0x00007ff9f643c000 	C:\Windows\SYSTEM32\CRYPTBASE.dll
0x00007ff9f24f0000 - 0x00007ff9f24fe000 	C:\Program Files\Java\jdk-22\bin\sunmscapi.dll
0x00007ff9f6a70000 - 0x00007ff9f6bc6000 	C:\Windows\System32\CRYPT32.dll
0x00007ff9f6530000 - 0x00007ff9f6557000 	C:\Windows\SYSTEM32\ncrypt.dll
0x00007ff9f64f0000 - 0x00007ff9f652b000 	C:\Windows\SYSTEM32\NTASN1.dll

dbghelp: loaded successfully - version: 4.0.5 - missing functions: none
symbol engine: initialized successfully - sym options: 0x614 - pdb path: .;C:\Program Files\Java\jdk-22\bin;C:\Windows\SYSTEM32;C:\Windows\WinSxS\amd64_microsoft.windows.common-controls_6595b64144ccf1df_6.0.19041.1110_none_60b5254171f9507e;C:\Program Files\Java\jdk-22\bin\server

VM Arguments:
jvm_args: -Dfile.encoding=UTF-8 --module-path=C:\Users\JUAN DAVID\Documents\NetBeansProjects\Bike_life\build\classes 
java_command: VistaIngreso.Ingreso
java_class_path (initial): C:\Program Files\NetBeans-16\netbeans\java\modules\ext\AbsoluteLayout.jar;C:\Users\JUAN DAVID\Documents\Git local\Proyecto_grado_JFrame_JAVA\Librerias necesaria\mysql-connector-j-8.4.0\mysql-connector-j-8.4.0.jar;C:\Users\JUAN DAVID\Documents\Git local\Proyecto_grado_JFrame_JAVA\Librerias necesaria\itextpdf-5.4.0.jar;C:\Users\JUAN DAVID\Documents\Git local\Proyecto_grado_JFrame_JAVA\Librerias necesaria\itextpdf-5.5.13.1-javadoc.jar;C:\Users\JUAN DAVID\Documents\NetBeansProjects\Bike_life\build\classes
Launcher Type: SUN_STANDARD

[Global flags]
     intx CICompilerCount                          = 3                                         {product} {ergonomic}
     uint ConcGCThreads                            = 1                                         {product} {ergonomic}
     uint G1ConcRefinementThreads                  = 4                                         {product} {ergonomic}
   size_t G1HeapRegionSize                         = 1048576                                   {product} {ergonomic}
   size_t InitialHeapSize                          = 134217728                                 {product} {ergonomic}
   size_t MarkStackSize                            = 4194304                                   {product} {ergonomic}
   size_t MaxHeapSize                              = 2130706432                                {product} {ergonomic}
   size_t MaxNewSize                               = 1278214144                                {product} {ergonomic}
   size_t MinHeapDeltaBytes                        = 1048576                                   {product} {ergonomic}
   size_t MinHeapSize                              = 8388608                                   {product} {ergonomic}
    uintx NonNMethodCodeHeapSize                   = 5832780                                {pd product} {ergonomic}
    uintx NonProfiledCodeHeapSize                  = 122912730                              {pd product} {ergonomic}
    uintx ProfiledCodeHeapSize                     = 122912730                              {pd product} {ergonomic}
    uintx ReservedCodeCacheSize                    = 251658240                              {pd product} {ergonomic}
     bool SegmentedCodeCache                       = true                                      {product} {ergonomic}
   size_t SoftMaxHeapSize                          = 2130706432                             {manageable} {ergonomic}
     bool UseCompressedOops                        = true                           {product lp64_product} {ergonomic}
     bool UseG1GC                                  = true                                      {product} {ergonomic}
     bool UseLargePagesIndividualAllocation        = false                                  {pd product} {ergonomic}

Logging:
Log output configuration:
 #0: stdout all=warning uptime,level,tags foldmultilines=false
 #1: stderr all=off uptime,level,tags foldmultilines=false

Environment Variables:
PATH=C:\Program Files\Common Files\Oracle\Java\javapath;C:\Windows\system32;C:\Windows;C:\Windows\System32\Wbem;C:\Windows\System32\WindowsPowerShell\v1.0\;C:\Windows\System32\OpenSSH\;C:\Program Files\Git\cmd;C:\Program Files\nodejs\;C:\Program Files\Microsoft SQL Server\150\Tools\Binn\;C:\Program Files\Microsoft SQL Server\Client SDK\ODBC\170\Tools\Binn\;C:\Program Files\dotnet\;C:\Program Files (x86)\Microsoft SQL Server\150\Tools\Binn\;C:\Program Files\Microsoft SQL Server\150\DTS\Binn\;C:\Program Files (x86)\Microsoft SQL Server\160\DTS\Binn\;C:\Users\JUAN DAVID\.console-ninja\.bin;C:\Users\JUAN DAVID\AppData\Local\Programs\Python\Launcher\;C:\Users\JUAN DAVID\AppData\Local\Microsoft\WindowsApps;;C:\Users\JUAN DAVID\AppData\Local\Programs\Microsoft VS Code\bin;C:\Users\JUAN DAVID\AppData\Roaming\npm;C:\Users\JUAN DAVID\.dotnet\tools
USERNAME=JUAN DAVID
OS=Windows_NT
PROCESSOR_IDENTIFIER=Intel64 Family 6 Model 69 Stepping 1, GenuineIntel
TMP=C:\Users\JUAN DAVID\AppData\Local\Temp
TEMP=C:\Users\JUAN DAVID\AppData\Local\Temp




Periodic native trim disabled

---------------  S Y S T E M  ---------------

OS:
 Windows 10 , 64 bit Build 19041 (10.0.19041.1202)
OS uptime: 0 days 2:05 hours

CPU: total 4 (initial active 4) (2 cores per cpu, 2 threads per core) family 6 model 69 stepping 1 microcode 0x25, cx8, cmov, fxsr, ht, mmx, sse, sse2, sse3, ssse3, sse4.1, sse4.2, popcnt, lzcnt, tsc, tscinvbit, avx, avx2, aes, erms, clmul, bmi1, bmi2, fma, vzeroupper, clflush, rdtscp, f16c
Processor Information for all 4 processors :
  Max Mhz: 2601, Current Mhz: 2600, Mhz Limit: 2574

Memory: 4k page, system-wide physical 8126M (90M free)
TotalPageFile size 16318M (AvailPageFile size 4M)
current process WorkingSet (physical memory assigned to process): 161M, peak: 168M
current process commit charge ("private bytes"): 189M, peak: 269M

vm_info: Java HotSpot(TM) 64-Bit Server VM (22.0.1+8-16) for windows-amd64 JRE (22.0.1+8-16), built on 2024-03-12T10:33:16Z by "mach5one" with MS VC++ 17.6 (VS2022)

END.
